<?xml version="1.0" encoding="UTF-8"?>
<testng-results ignored="0" total="4" passed="3" failed="1" skipped="0">
  <reporter-output>
  </reporter-output>
  <suite started-at="2020-04-14T10:27:31Z" name="Default suite" finished-at="2020-04-14T10:29:50Z" duration-ms="139098">
    <groups>
    </groups>
    <test started-at="2020-04-14T10:27:31Z" name="Default test" finished-at="2020-04-14T10:29:50Z" duration-ms="139098">
      <class name="Test.TestFlow">
        <test-method is-config="true" signature="setup()[pri:0, instance:Test.TestFlow@61544ae6]" started-at="2020-04-14T10:27:10Z" name="setup" finished-at="2020-04-14T10:27:31Z" duration-ms="21089" status="PASS">
          <reporter-output>
          </reporter-output>
        </test-method> <!-- setup -->
        <test-method signature="loginflow()[pri:1, instance:Test.TestFlow@61544ae6]" started-at="2020-04-14T10:27:31Z" name="loginflow" finished-at="2020-04-14T10:27:41Z" duration-ms="10501" status="PASS">
          <reporter-output>
          </reporter-output>
        </test-method> <!-- loginflow -->
        <test-method is-config="true" signature="loaddatafile()[pri:0, instance:Test.TestFlow@61544ae6]" started-at="2020-04-14T10:27:31Z" name="loaddatafile" finished-at="2020-04-14T10:27:31Z" duration-ms="0" status="PASS">
          <reporter-output>
          </reporter-output>
        </test-method> <!-- loaddatafile -->
        <test-method is-config="true" signature="loaddatafile()[pri:0, instance:Test.TestFlow@61544ae6]" started-at="2020-04-14T10:27:41Z" name="loaddatafile" finished-at="2020-04-14T10:27:41Z" duration-ms="0" status="PASS">
          <reporter-output>
          </reporter-output>
        </test-method> <!-- loaddatafile -->
        <test-method signature="searchItem()[pri:2, instance:Test.TestFlow@61544ae6]" started-at="2020-04-14T10:27:41Z" name="searchItem" finished-at="2020-04-14T10:27:57Z" duration-ms="15852" status="PASS">
          <reporter-output>
          </reporter-output>
        </test-method> <!-- searchItem -->
        <test-method is-config="true" signature="loaddatafile()[pri:0, instance:Test.TestFlow@61544ae6]" started-at="2020-04-14T10:27:57Z" name="loaddatafile" finished-at="2020-04-14T10:27:57Z" duration-ms="1" status="PASS">
          <reporter-output>
          </reporter-output>
        </test-method> <!-- loaddatafile -->
        <test-method signature="addItemToCard()[pri:3, instance:Test.TestFlow@61544ae6]" started-at="2020-04-14T10:27:57Z" name="addItemToCard" finished-at="2020-04-14T10:29:28Z" duration-ms="90807" status="FAIL">
          <exception class="java.lang.AssertionError">
            <message>
              <![CDATA[Failed to click Buy Now button]]>
            </message>
            <full-stacktrace>
              <![CDATA[java.lang.AssertionError: Failed to click Buy Now button
at org.testng.Assert.fail(Assert.java:96)
at Screen.ProductDetailsPage.clickBuyNowButton(ProductDetailsPage.java:54)
at Test.TestFlow.addItemToCard(TestFlow.java:43)
at java.base/jdk.internal.reflect.NativeMethodAccessorImpl.invoke0(Native Method)
at java.base/jdk.internal.reflect.NativeMethodAccessorImpl.invoke(NativeMethodAccessorImpl.java:62)
at java.base/jdk.internal.reflect.DelegatingMethodAccessorImpl.invoke(DelegatingMethodAccessorImpl.java:43)
at java.base/java.lang.reflect.Method.invoke(Method.java:566)
at org.testng.internal.MethodInvocationHelper.invokeMethod(MethodInvocationHelper.java:124)
at org.testng.internal.Invoker.invokeMethod(Invoker.java:583)
at org.testng.internal.Invoker.invokeTestMethod(Invoker.java:719)
at org.testng.internal.Invoker.invokeTestMethods(Invoker.java:989)
at org.testng.internal.TestMethodWorker.invokeTestMethods(TestMethodWorker.java:125)
at org.testng.internal.TestMethodWorker.run(TestMethodWorker.java:109)
at org.testng.TestRunner.privateRun(TestRunner.java:648)
at org.testng.TestRunner.run(TestRunner.java:505)
at org.testng.SuiteRunner.runTest(SuiteRunner.java:455)
at org.testng.SuiteRunner.runSequentially(SuiteRunner.java:450)
at org.testng.SuiteRunner.privateRun(SuiteRunner.java:415)
at org.testng.SuiteRunner.run(SuiteRunner.java:364)
at org.testng.SuiteRunnerWorker.runSuite(SuiteRunnerWorker.java:52)
at org.testng.SuiteRunnerWorker.run(SuiteRunnerWorker.java:84)
at org.testng.TestNG.runSuitesSequentially(TestNG.java:1208)
at org.testng.TestNG.runSuitesLocally(TestNG.java:1137)
at org.testng.TestNG.runSuites(TestNG.java:1049)
at org.testng.TestNG.run(TestNG.java:1017)
at org.testng.remote.AbstractRemoteTestNG.run(AbstractRemoteTestNG.java:115)
at org.testng.remote.RemoteTestNG.initAndRun(RemoteTestNG.java:251)
at org.testng.remote.RemoteTestNG.main(RemoteTestNG.java:77)
]]>
            </full-stacktrace>
          </exception> <!-- java.lang.AssertionError -->
          <reporter-output>
          </reporter-output>
        </test-method> <!-- addItemToCard -->
        <test-method is-config="true" signature="loaddatafile()[pri:0, instance:Test.TestFlow@61544ae6]" started-at="2020-04-14T10:29:28Z" name="loaddatafile" finished-at="2020-04-14T10:29:28Z" duration-ms="1" status="PASS">
          <reporter-output>
          </reporter-output>
        </test-method> <!-- loaddatafile -->
        <test-method signature="cardcheckOut()[pri:4, instance:Test.TestFlow@61544ae6]" started-at="2020-04-14T10:29:28Z" name="cardcheckOut" finished-at="2020-04-14T10:29:50Z" duration-ms="21901" status="PASS">
          <reporter-output>
          </reporter-output>
        </test-method> <!-- cardcheckOut -->
      </class> <!-- Test.TestFlow -->
    </test> <!-- Default test -->
  </suite> <!-- Default suite -->
</testng-results>
